<?xml version="1.0" encoding="UTF-8"?>
<!-- Generated by org.testng.reporters.JUnitReportReporter -->
<testsuite hostname="DESKTOP-3TF58B1" failures="0" tests="1" name="test.test.AppTest" time="16.051" errors="0" timestamp="17 Feb 2020 09:25:57 GMT" skipped="0">
  <testcase classname="test.test.AppTest" name="Verifyvalidlogin" time="16.051"/>
</testsuite> <!-- test.test.AppTest -->
